

Microchip MPLAB XC8 Assembler V3.00 build 20241204225717 
                                                                                               Wed Dec 25 22:33:00 2024

Microchip MPLAB XC8 C Compiler v3.00 (Free license) build 20241204225717 Og1 
     1                           	processor	16F84A
     2                           	pagewidth 120
     3                           	opt	flic
     4                           	psect	cinit,global,class=CODE,space=0,merge=1,delta=2
     5                           	psect	cstackCOMMON,global,class=COMMON,space=1,delta=1,noexec
     6                           	psect	cstackBANK0,global,class=BANK0,space=1,delta=1,noexec
     7                           	psect	maintext,global,class=CODE,space=0,split=1,delta=2
     8                           	psect	text1,local,class=CODE,space=0,merge=1,delta=2
     9                           	dabs	1,0x4E,2
    10     0000                     
    11                           ; Generated 12/10/2023 GMT
    12                           ; 
    13                           ; Copyright © 2023, Microchip Technology Inc. and its subsidiaries ("Microchip")
    14                           ; All rights reserved.
    15                           ; 
    16                           ; This software is developed by Microchip Technology Inc. and its subsidiaries ("Microch
      +                          ip").
    17                           ; 
    18                           ; Redistribution and use in source and binary forms, with or without modification, are
    19                           ; permitted provided that the following conditions are met:
    20                           ; 
    21                           ;     1. Redistributions of source code must retain the above copyright notice, this lis
      +                          t of
    22                           ;        conditions and the following disclaimer.
    23                           ; 
    24                           ;     2. Redistributions in binary form must reproduce the above copyright notice, this 
      +                          list
    25                           ;        of conditions and the following disclaimer in the documentation and/or other
    26                           ;        materials provided with the distribution. Publication is not required when
    27                           ;        this file is used in an embedded application.
    28                           ; 
    29                           ;     3. Microchip's name may not be used to endorse or promote products derived from th
      +                          is
    30                           ;        software without specific prior written permission.
    31                           ; 
    32                           ; THIS SOFTWARE IS PROVIDED BY MICROCHIP "AS IS" AND ANY EXPRESS OR IMPLIED WARRANTIES,
    33                           ; INCLUDING, BUT NOT LIMITED TO, THE IMPLIED WARRANTIES OF MERCHANTABILITY AND FITNESS F
      +                          OR
    34                           ; PURPOSE ARE DISCLAIMED.  IN NO EVENT SHALL MICROCHIP BE LIABLE FOR ANY DIRECT, INDIREC
      +                          T,
    35                           ; INCIDENTAL, SPECIAL, EXEMPLARY, OR CONSEQUENTIAL DAMAGES (INCLUDING BUT NOT LIMITED TO
    36                           ; PROCUREMENT OF SUBSTITUTE GOODS OR SERVICES; LOSS OF USE, DATA OR PROFITS; OR BUSINESS
    37                           ; INTERRUPTION) HOWSOEVER CAUSED AND ON ANY THEORY OF LIABILITY, WHETHER IN CONTRACT, ST
      +                          RICT
    38                           ; LIABILITY, OR TORT (INCLUDING NEGLIGENCE OR OTHERWISE) ARISING IN ANY WAY OUT OF THE U
      +                          SE OF
    39                           ; THIS SOFTWARE, EVEN IF ADVISED OF THE POSSIBILITY OF SUCH DAMAGE.
    40                           ; 
    41                           ; 
    42                           ; Code-generator required, PIC16F84A Definitions
    43                           ; 
    44                           ; SFR Addresses
    45     0004                     fsr             equ	4
    46     0004                     fsr0            equ	4
    47     0000                     indf            equ	0
    48     0000                     indf0           equ	0
    49     0002                     pc              equ	2
    50     0002                     pcl             equ	2
    51     000A                     pclath          equ	10
    52     0003                     status          equ	3
    53     0000                     INDF            equ	0	;# 
    54     0001                     TMR0            equ	1	;# 
    55     0002                     PCL             equ	2	;# 
    56     0003                     STATUS          equ	3	;# 
    57     0004                     FSR             equ	4	;# 
    58     0005                     PORTA           equ	5	;# 
    59     0006                     PORTB           equ	6	;# 
    60     0008                     EEDATA          equ	8	;# 
    61     0009                     EEADR           equ	9	;# 
    62     000A                     PCLATH          equ	10	;# 
    63     000B                     INTCON          equ	11	;# 
    64     0081                     OPTION_REG      equ	129	;# 
    65     0085                     TRISA           equ	133	;# 
    66     0086                     TRISB           equ	134	;# 
    67     0088                     EECON1          equ	136	;# 
    68     0089                     EECON2          equ	137	;# 
    69     0000                     INDF            equ	0	;# 
    70     0001                     TMR0            equ	1	;# 
    71     0002                     PCL             equ	2	;# 
    72     0003                     STATUS          equ	3	;# 
    73     0004                     FSR             equ	4	;# 
    74     0005                     PORTA           equ	5	;# 
    75     0006                     PORTB           equ	6	;# 
    76     0008                     EEDATA          equ	8	;# 
    77     0009                     EEADR           equ	9	;# 
    78     000A                     PCLATH          equ	10	;# 
    79     000B                     INTCON          equ	11	;# 
    80     0081                     OPTION_REG      equ	129	;# 
    81     0085                     TRISA           equ	133	;# 
    82     0086                     TRISB           equ	134	;# 
    83     0088                     EECON1          equ	136	;# 
    84     0089                     EECON2          equ	137	;# 
    85     0006                     _PORTBbits      set	6
    86     0006                     _PORTB          set	6
    87     0086                     _TRISB          set	134
    88                           
    89                           	psect	cinit
    90     03FE                     start_initialization:	
    91                           ; #config settings
    92                           
    93     03FE                     __initialization:
    94     03FE                     end_of_initialization:	
    95                           ;End of C runtime variable initialization code
    96                           
    97     03FE                     __end_of__initialization:
    98     03FE  0183               	clrf	3
    99     03FF  2BD5               	ljmp	_main	;jump to C main() function
   100                           
   101                           	psect	cstackCOMMON
   102     0000                     __pcstackCOMMON:
   103     0000                     ??_setup:
   104                           
   105                           	psect	cstackBANK0
   106     000C                     __pcstackBANK0:	
   107                           ; 1 bytes @ 0x0
   108                           
   109     000C                     ?_setup:
   110     000C                     ?_main:	
   111                           ; 1 bytes @ 0x0
   112                           
   113     000C                     ??_main:	
   114                           ; 1 bytes @ 0x0
   115                           
   116                           
   117                           ; 1 bytes @ 0x0
   118     000C                     	ds	3
   119                           
   120                           	psect	maintext
   121     03D5                     __pmaintext:	
   122 ;;
   123 ;;Main: autosize = 0, tempsize = 3, incstack = 0, save=0
   124 ;;
   125 ;; *************** function _main *****************
   126 ;; Defined at:
   127 ;;		line 10 in file "main.c"
   128 ;; Parameters:    Size  Location     Type
   129 ;;		None
   130 ;; Auto vars:     Size  Location     Type
   131 ;;		None
   132 ;; Return value:  Size  Location     Type
   133 ;;                  1    wreg      void 
   134 ;; Registers used:
   135 ;;		wreg, status,2, status,0, pclath, cstack
   136 ;; Tracked objects:
   137 ;;		On entry : B00/0
   138 ;;		On exit  : 0/0
   139 ;;		Unchanged: 0/0
   140 ;; Data sizes:     COMMON   BANK0
   141 ;;      Params:         0       0
   142 ;;      Locals:         0       0
   143 ;;      Temps:          0       3
   144 ;;      Totals:         0       3
   145 ;;Total ram usage:        3 bytes
   146 ;; Hardware stack levels required when called: 1
   147 ;; This function calls:
   148 ;;		_setup
   149 ;; This function is called by:
   150 ;;		Startup code after reset
   151 ;; This function uses a non-reentrant model
   152 ;;
   153                           
   154     03D5                     _main:	
   155                           ;psect for function _main
   156                           
   157     03D5                     l588:	
   158                           ;incstack = 0
   159                           ; Regs used in _main: [wreg+status,2+status,0+pclath+cstack]
   160                           
   161                           
   162                           ;main.c: 11:     setup();
   163     03D5  23CF               	fcall	_setup
   164     03D6                     l590:
   165                           
   166                           ;main.c: 14:         _delay((unsigned long)((200)*(4000000/4000.0)));
   167     03D6  3002               	movlw	2
   168     03D7  1283               	bcf	3,5	;RP0=0, select bank0
   169     03D8  008E               	movwf	??_main+2
   170     03D9  3004               	movlw	4
   171     03DA  008D               	movwf	??_main+1
   172     03DB  30BA               	movlw	186
   173     03DC  008C               	movwf	??_main
   174     03DD                     u57:
   175     03DD  0B8C               	decfsz	??_main,f
   176     03DE  2BDD               	goto	u57
   177     03DF  0B8D               	decfsz	??_main+1,f
   178     03E0  2BDD               	goto	u57
   179     03E1  0B8E               	decfsz	??_main+2,f
   180     03E2  2BDD               	goto	u57
   181     03E3  0000               	nop
   182     03E4                     l592:
   183                           
   184                           ;main.c: 16:         if (PORTBbits.RB7 == 0) {
   185     03E4  1283               	bcf	3,5	;RP0=0, select bank0
   186     03E5  1B86               	btfsc	6,7	;volatile
   187     03E6  2BE8               	goto	u31
   188     03E7  2BE9               	goto	u30
   189     03E8                     u31:
   190     03E8  2BF8               	goto	l598
   191     03E9                     u30:
   192     03E9                     l594:
   193                           
   194                           ;main.c: 17:             PORTB <<= 1;
   195     03E9  1003               	clrc
   196     03EA  0D86               	rlf	6,f	;volatile
   197                           
   198                           ;main.c: 18:         }
   199     03EB  2BD6               	goto	l590
   200     03EC                     l596:
   201                           
   202                           ;main.c: 21:                 _delay((unsigned long)((50)*(4000000/4000.0)));
   203     03EC  3041               	movlw	65
   204     03ED  008D               	movwf	??_main+1
   205     03EE  30EE               	movlw	238
   206     03EF  008C               	movwf	??_main
   207     03F0                     u67:
   208     03F0  0B8C               	decfsz	??_main,f
   209     03F1  2BF0               	goto	u67
   210     03F2  0B8D               	decfsz	??_main+1,f
   211     03F3  2BF0               	goto	u67
   212     03F4  0000               	nop
   213                           
   214                           ;main.c: 22:                 PORTB >>= 1;
   215     03F5  1003               	clrc
   216     03F6  1283               	bcf	3,5	;RP0=0, select bank0
   217     03F7  0C86               	rrf	6,f	;volatile
   218     03F8                     l598:
   219                           
   220                           ;main.c: 20:             while (PORTBbits.RB0 == 0) {
   221     03F8  1C06               	btfss	6,0	;volatile
   222     03F9  2BFB               	goto	u41
   223     03FA  2BFC               	goto	u40
   224     03FB                     u41:
   225     03FB  2BEC               	goto	l596
   226     03FC                     u40:
   227     03FC  2BD6               	goto	l590
   228     03FD  2800               	ljmp	start
   229     03FE                     __end_of_main:
   230                           
   231                           	psect	text1
   232     03CF                     __ptext1:	
   233 ;; *************** function _setup *****************
   234 ;; Defined at:
   235 ;;		line 5 in file "main.c"
   236 ;; Parameters:    Size  Location     Type
   237 ;;		None
   238 ;; Auto vars:     Size  Location     Type
   239 ;;		None
   240 ;; Return value:  Size  Location     Type
   241 ;;                  1    wreg      void 
   242 ;; Registers used:
   243 ;;		status,2
   244 ;; Tracked objects:
   245 ;;		On entry : 0/0
   246 ;;		On exit  : 0/0
   247 ;;		Unchanged: 0/0
   248 ;; Data sizes:     COMMON   BANK0
   249 ;;      Params:         0       0
   250 ;;      Locals:         0       0
   251 ;;      Temps:          0       0
   252 ;;      Totals:         0       0
   253 ;;Total ram usage:        0 bytes
   254 ;; Hardware stack levels used: 1
   255 ;; This function calls:
   256 ;;		Nothing
   257 ;; This function is called by:
   258 ;;		_main
   259 ;; This function uses a non-reentrant model
   260 ;;
   261                           
   262     03CF                     _setup:	
   263                           ;psect for function _setup
   264                           
   265     03CF                     l584:	
   266                           ;incstack = 0
   267                           ; Regs used in _setup: [status,2]
   268                           
   269                           
   270                           ;main.c: 6:     TRISB = 0x00;
   271     03CF  1683               	bsf	3,5	;RP0=1, select bank1
   272     03D0  0186               	clrf	6	;volatile
   273     03D1                     l586:
   274                           
   275                           ;main.c: 7:     PORTB = 0x01;
   276     03D1  3001               	movlw	1
   277     03D2  1283               	bcf	3,5	;RP0=0, select bank0
   278     03D3  0086               	movwf	6	;volatile
   279     03D4                     l11:
   280     03D4  0008               	return
   281     03D5                     __end_of_setup:
   282     0000                     ___latbits      equ	0
   283     004E                     btemp           set	78	;btemp
   284     004E                     wtemp0          set	78

Data Sizes:
    Strings     0
    Constant    0
    Data        0
    BSS         0
    Persistent  0
    Stack       0

Auto Spaces:
    Space          Size  Autos    Used
    COMMON            0      0       0
    BANK0            66      3       3

Pointer List with Targets:

    None.

Critical Paths under _main in COMMON

    None.

Critical Paths under _main in BANK0

    None.

Call Graph Tables:

 ---------------------------------------------------------------------------------
 (Depth) Function   	        Calls       Base Space   Used Autos Params    Refs
 ---------------------------------------------------------------------------------
 (0) _main                                                 3     3      0       0
                                              0 BANK0      3     3      0
                              _setup
 ---------------------------------------------------------------------------------
 (1) _setup                                                0     0      0       0
 ---------------------------------------------------------------------------------
 Estimated maximum stack depth 1
 ---------------------------------------------------------------------------------

 Call Graph Graphs:

 _main (ROOT)
   _setup

Address spaces:
Name               Size   Autos  Total    Usage
BITCOMMON            0      0       0      0.0%
BITBANK0            66      0       0      0.0%
COMMON               0      0       0      0.0%
BANK0               66      3       3      4.5%
STACK                0      0       0      0.0%
DATA                 0      0       3      0.0%


Microchip Technology PIC Macro Assembler V3.00 build 20241204225717 
Symbol Table                                                                                   Wed Dec 25 22:33:00 2024

                     l11 03D4                       u30 03E9                       u31 03E8  
                     u40 03FC                       u41 03FB                       u57 03DD  
                     u67 03F0                      l590 03D6                      l584 03CF  
                    l592 03E4                      l586 03D1                      l594 03E9  
                    l596 03EC                      l588 03D5                      l598 03F8  
                   _main 03D5                     btemp 004E                     start 0000  
                  ?_main 000C                    _PORTB 0006                    _TRISB 0086  
                  _setup 03CF                    status 0003                    wtemp0 004E  
        __initialization 03FE             __end_of_main 03FE                   ??_main 000C  
                 ?_setup 000C  __end_of__initialization 03FE           __pcstackCOMMON 0000  
          __end_of_setup 03D5                  ??_setup 0000               __pmaintext 03D5  
                __ptext1 03CF     end_of_initialization 03FE                _PORTBbits 0006  
    start_initialization 03FE                ___latbits 0000            __pcstackBANK0 000C  
